feature_currencyconverter/build/intermediates/manifest_merge_blame_file/debug/manifest-merger-blame-debug-report.txt
1<?xml version="1.0" encoding="utf-8"?>
2<manifest xmlns:android="http://schemas.android.com/apk/res/android"
3    xmlns:dist="http://schemas.android.com/apk/distribution"
4    featureSplit="feature_currencyconverter"
5    package="com.example.maxabchallenge"
6    android:versionCode="1"
7    android:versionName="1.0" >
8
9    <uses-sdk
10        android:minSdkVersion="21"
10-->src/main/AndroidManifest.xml
11        android:targetSdkVersion="31" />
11-->src/main/AndroidManifest.xml
12
13    <dist:module
13-->src/main/AndroidManifest.xml:6:5-11:19
14        dist:instant="false"
14-->src/main/AndroidManifest.xml:7:9-29
15        dist:onDemand="true"
15-->src/main/AndroidManifest.xml:8:9-29
16        dist:title="@string/title_feature_currencyconverter" >
16-->src/main/AndroidManifest.xml:9:9-61
17        <dist:fusing include="true" />
17-->src/main/AndroidManifest.xml:10:9-39
17-->src/main/AndroidManifest.xml:10:22-36
18    </dist:module>
19
20    <application
20-->[androidx.room:room-runtime:2.4.0-beta01] AndroidManifest.xml:24:5-29:19
21        android:debuggable="true"
22        android:testOnly="true" >
23        <service
23-->[androidx.room:room-runtime:2.4.0-beta01] AndroidManifest.xml:25:9-28:40
24            android:name="androidx.room.MultiInstanceInvalidationService"
24-->[androidx.room:room-runtime:2.4.0-beta01] AndroidManifest.xml:26:13-74
25            android:directBootAware="true"
25-->[androidx.room:room-runtime:2.4.0-beta01] AndroidManifest.xml:27:13-43
26            android:exported="false"
26-->[androidx.room:room-runtime:2.4.0-beta01] AndroidManifest.xml:28:13-37
27            android:splitName="feature_currencyconverter" />
28    </application>
29
30</manifest>